
Crackerjacking[33m...[0m

PDM installed: âœ…

[?25l[36mâ ‹[0m [33m0:00:00[0m [1mResolving dependencies[0m  [2K[36mâ ‹[0m [33m0:00:00[0m [1mResolve for environment (>=3.13)[0m None[2K[36mâ ‹[0m [33m0:00:00[0m [1mResolve for environment (>=3.13)[0m None
[?25h[34mINFO:[0m [2mUsing uv is experimental and might break due to uv updates.[0m
[37mâ ‹[0m [2mResolving dependencies...                                                                                                                                            [0m[2K[37mâ ™[0m [2mResolving dependencies...                                                                                                                                            [0m[2K[37mâ ‹[0m [2mResolving dependencies...                                                                                                                                            [0m[2K[37mâ ™[0m [2mResolving dependencies...                                                                                                                                            [0m[2K[37mâ ‹[0m [2mResolving dependencies...                                                                                                                                            [0m[2K[37mâ ™[0m [2mResolving dependencies...                                                                                                                                            [0m[2K[37mâ ™[0m [2mstarlette-async-jinja==1.9.13                                                                                                                                        [0m[2K[37mâ ™[0m [2mstarlette-async-jinja==1.9.13                                                                                                                                        [0m[2K[37mâ ™[0m [2manyio==4.9.0                                                                                                                                                         [0m[2K[37mâ ™[0m [2mjinja2==3.1.6                                                                                                                                                        [0m[2K[37mâ ™[0m [2mjinja2-async-environment==0.11.8                                                                                                                                     [0m[2K[37mâ ™[0m [2mmsgspec==0.19.0                                                                                                                                                      [0m[2K[37mâ ™[0m [2mstarlette==0.47.0                                                                                                                                                    [0m[2K[37mâ ™[0m [2mcrackerjack==0.20.20                                                                                                                                                 [0m[2K[37mâ ™[0m [2midna==3.10                                                                                                                                                           [0m[2K[37mâ ™[0m [2msniffio==1.3.1                                                                                                                                                       [0m[2K[37mâ ™[0m [2mmarkupsafe==3.0.2                                                                                                                                                    [0m[2K[37mâ ™[0m [2mredis==6.2.0                                                                                                                                                         [0m[2K[37mâ ™[0m [2mautotyping==24.9.0                                                                                                                                                   [0m[2K[37mâ ™[0m [2mkeyring==25.6.0                                                                                                                                                      [0m[2K[37mâ ™[0m [2mpdm==2.25.2                                                                                                                                                          [0m[2K[37mâ ™[0m [2mpdm-bump==0.9.12                                                                                                                                                     [0m[2K[37mâ ™[0m [2mpre-commit==4.2.0                                                                                                                                                    [0m[2K[37mâ ™[0m [2mpydantic==2.11.7                                                                                                                                                     [0m[2K[37mâ ™[0m [2m                                                                                                                                                                     [0m[2K[2mResolved [1m87 packages[0m [2min 55ms[0m[0m
[?25l[2K[36mâ ¹[0m [33m0:00:00[0m [1mResolve for environment (>=3.13)[0m None[2K[36mâ ´[0m [33m0:00:00[0m [1mResolve for environment (>=3.13)[0m None[2K  [33m0:00:00[0m [1mðŸ”’ Lock successful.[0m  [2KChanges are written to [32mpdm.lock[0m.
  [33m0:00:00[0m [1mðŸ”’ Lock successful.[0m  [2K  [33m0:00:00[0m [1mðŸ”’ Lock successful.[0m  
[?25hLock file updated: âœ…

Cleaned: /Users/les/Projects/starlette-async-jinja/starlette_async_jinja/responses.py
Cleaned: /Users/les/Projects/starlette-async-jinja/starlette_async_jinja/__init__.py

Running pre-commit hooks[33m...[0m

trailing-whitespace......................................................[42mPassed[m
end-of-file-fixer........................................................[42mPassed[m
check-yaml...............................................................[42mPassed[m
check-toml...............................................................[42mPassed[m
check-added-large-files..................................................[42mPassed[m
Validate pyproject.toml..................................................[42mPassed[m
pyproject-fmt............................................................[41mFailed[m
[2m- hook id: pyproject-fmt[m
[2m- exit code: 1[m
[2m- files were modified by this hook[m

[31m--- pyproject.toml
[0m
[32m+++ pyproject.toml
[0m
@@ -9,6 +9,7 @@

 version = "1.9.13"
 description = ""
 readme = "README.md"
[32m+license.text = "BSD-3-Clause"[0m
 authors = [
     { name = "lesleslie", email = "les@wedgwoodwebworks.com" },
 ]
@@ -33,18 +34,12 @@

     "starlette>=0.47",
 ]
 
[31m-[project.license][0m
[31m-text = "BSD-3-Clause"[0m
[31m-[0m
[31m-[project.optional-dependencies][0m
[31m-dev = [[0m
[32m+optional-dependencies.dev = [[0m
     "crackerjack>=0.20.20",
 ]
[31m-[0m
[31m-[project.urls][0m
[31m-Documentation = "https://github.com/lesleslie/starlette-async-jinja"[0m
[31m-Homepage = "https://github.com/lesleslie/starlette-async-jinja"[0m
[31m-Repository = "https://github.com/lesleslie/starlette-async-jinja"[0m
[32m+urls.Documentation = "https://github.com/lesleslie/starlette-async-jinja"[0m
[32m+urls.Homepage = "https://github.com/lesleslie/starlette-async-jinja"[0m
[32m+urls.Repository = "https://github.com/lesleslie/starlette-async-jinja"[0m
 
 [tool.ruff]
 target-version = "py313"
@@ -54,18 +49,15 @@

 show-fixes = true
 output-format = "full"
 
[31m-[tool.ruff.format][0m
[31m-docstring-code-format = true[0m
[31m-[0m
[31m-[tool.ruff.lint][0m
[31m-extend-select = [[0m
[32m+format.docstring-code-format = true[0m
[32m+lint.extend-select = [[0m
     "C901",
     "D",
     "F",
     "I",
     "UP",
 ]
[31m-ignore = [[0m
[32m+lint.ignore = [[0m
     "D100",
     "D101",
     "D102",
@@ -77,21 +69,15 @@

     "F821",
     "UP040",
 ]
[31m-fixable = [[0m
[32m+lint.fixable = [[0m
     "ALL",
 ]
[31m-unfixable = [][0m
[31m-[0m
[31m-[tool.ruff.lint.isort][0m
[31m-no-lines-before = [[0m
[32m+lint.unfixable = [  ][0m
[32m+lint.isort.no-lines-before = [[0m
     "first-party",
 ]
[31m-[0m
[31m-[tool.ruff.lint.mccabe][0m
[31m-max-complexity = 13[0m
[31m-[0m
[31m-[tool.ruff.lint.pydocstyle][0m
[31m-convention = "google"[0m
[32m+lint.mccabe.max-complexity = 13[0m
[32m+lint.pydocstyle.convention = "google"[0m
 
 [tool.codespell]
 skip = "*/data/*"

pdm-lock-check...........................................................[42mPassed[m
uv-lock..................................................................[42mPassed[m
Detect secrets...........................................................[42mPassed[m
codespell................................................................[42mPassed[m
ruff check...............................................................[42mPassed[m
ruff format..............................................................[42mPassed[m
vulture..................................................................[42mPassed[m
creosote.................................................................[42mPassed[m
refurb...................................................................[41mFailed[m
[2m- hook id: refurb[m
[2m- exit code: 1[m

Traceback (most recent call last):
  File [35m"/Users/les/.cache/pre-commit/repo48mb3bu5/py_env-python3.13/bin/refurb"[0m, line [35m8[0m, in [35m<module>[0m
    sys.exit([31mmain[0m[1;31m()[0m)
             [31m~~~~[0m[1;31m^^[0m
  File [35m"/Users/les/.cache/pre-commit/repo48mb3bu5/py_env-python3.13/lib/python3.13/site-packages/refurb/__main__.py"[0m, line [35m7[0m, in [35mmain[0m
    sys.exit([31m_main[0m[1;31m(sys.argv[1:])[0m)
             [31m~~~~~[0m[1;31m^^^^^^^^^^^^^^[0m
  File [35m"/Users/les/.cache/pre-commit/repo48mb3bu5/py_env-python3.13/lib/python3.13/site-packages/refurb/main.py"[0m, line [35m394[0m, in [35mmain[0m
    errors = run_refurb(settings)
  File [35m"/Users/les/.cache/pre-commit/repo48mb3bu5/py_env-python3.13/lib/python3.13/site-packages/refurb/main.py"[0m, line [35m208[0m, in [35mrun_refurb[0m
    [31mvisitor.accept[0m[1;31m(tree)[0m
    [31m~~~~~~~~~~~~~~[0m[1;31m^^^^^^[0m
  File [35m"/Users/les/.cache/pre-commit/repo48mb3bu5/py_env-python3.13/lib/python3.13/site-packages/refurb/visitor/traverser.py"[0m, line [35m138[0m, in [35maccept[0m
    return accept(o, self)
  File [35m"/usr/local/Cellar/python@3.13/3.13.5/Frameworks/Python.framework/Versions/3.13/lib/python3.13/functools.py"[0m, line [35m934[0m, in [35mwrapper[0m
    return [31mdispatch(args[0].__class__)[0m[1;31m(*args, **kw)[0m
           [31m~~~~~~~~~~~~~~~~~~~~~~~~~~~[0m[1;31m^^^^^^^^^^^^^[0m
  File [35m"/Users/les/.cache/pre-commit/repo48mb3bu5/py_env-python3.13/lib/python3.13/site-packages/refurb/visitor/traverser.py"[0m, line [35m526[0m, in [35m_[0m
    return [31mvisitor.visit_mypy_file[0m[1;31m(node)[0m
           [31m~~~~~~~~~~~~~~~~~~~~~~~[0m[1;31m^^^^^^[0m
  File [35m"/Users/les/.cache/pre-commit/repo48mb3bu5/py_env-python3.13/lib/python3.13/site-packages/refurb/visitor/visitor.py"[0m, line [35m19[0m, in [35minner[0m
    [31mself.run_check[0m[1;31m(o, check)[0m
    [31m~~~~~~~~~~~~~~[0m[1;31m^^^^^^^^^^[0m
  File [35m"/Users/les/.cache/pre-commit/repo48mb3bu5/py_env-python3.13/lib/python3.13/site-packages/refurb/visitor/visitor.py"[0m, line [35m65[0m, in [35mrun_check[0m
    [31mcheck[0m[1;31m(node, self.errors)[0m  # type: ignore
    [31m~~~~~[0m[1;31m^^^^^^^^^^^^^^^^^^^[0m
  File [35m"/Users/les/.cache/pre-commit/repo48mb3bu5/py_env-python3.13/lib/python3.13/site-packages/refurb/checks/builtin/no_slice_copy.py"[0m, line [35m67[0m, in [35mcheck[0m
    [31mSliceExprVisitor(errors).accept[0m[1;31m(node)[0m
    [31m~~~~~~~~~~~~~~~~~~~~~~~~~~~~~~~[0m[1;31m^^^^^^[0m
  File [35m"/Users/les/.cache/pre-commit/repo48mb3bu5/py_env-python3.13/lib/python3.13/site-packages/refurb/visitor/traverser.py"[0m, line [35m138[0m, in [35maccept[0m
    return accept(o, self)
  File [35m"/usr/local/Cellar/python@3.13/3.13.5/Frameworks/Python.framework/Versions/3.13/lib/python3.13/functools.py"[0m, line [35m934[0m, in [35mwrapper[0m
    return [31mdispatch(args[0].__class__)[0m[1;31m(*args, **kw)[0m
           [31m~~~~~~~~~~~~~~~~~~~~~~~~~~~[0m[1;31m^^^^^^^^^^^^^[0m
  File [35m"/Users/les/.cache/pre-commit/repo48mb3bu5/py_env-python3.13/lib/python3.13/site-packages/refurb/visitor/traverser.py"[0m, line [35m526[0m, in [35m_[0m
    return [31mvisitor.visit_mypy_file[0m[1;31m(node)[0m
           [31m~~~~~~~~~~~~~~~~~~~~~~~[0m[1;31m^^^^^^[0m
  File [35m"/Users/les/.cache/pre-commit/repo48mb3bu5/py_env-python3.13/lib/python3.13/site-packages/refurb/visitor/traverser.py"[0m, line [35m152[0m, in [35mvisit_mypy_file[0m
    [31maccept[0m[1;31m(d, self)[0m
    [31m~~~~~~[0m[1;31m^^^^^^^^^[0m
  File [35m"/usr/local/Cellar/python@3.13/3.13.5/Frameworks/Python.framework/Versions/3.13/lib/python3.13/functools.py"[0m, line [35m934[0m, in [35mwrapper[0m
    return [31mdispatch(args[0].__class__)[0m[1;31m(*args, **kw)[0m
           [31m~~~~~~~~~~~~~~~~~~~~~~~~~~~[0m[1;31m^^^^^^^^^^^^^[0m
  File [35m"/Users/les/.cache/pre-commit/repo48mb3bu5/py_env-python3.13/lib/python3.13/site-packages/refurb/visitor/traverser.py"[0m, line [35m521[0m, in [35maccept[0m
    raise NotImplementedError(f"No `visit_*` overload available for `{type(node).__qualname__}`")
[1;35mNotImplementedError[0m: [35mNo `visit_*` overload available for `TypeAliasStmt`[0m

autotyping...............................................................[42mPassed[m
bandit...................................................................[42mPassed[m
pyright..................................................................[42mPassed[m
trailing-whitespace......................................................[42mPassed[m
end-of-file-fixer........................................................[42mPassed[m
check-yaml...............................................................[42mPassed[m
check-toml...............................................................[42mPassed[m
check-added-large-files..................................................[42mPassed[m
Validate pyproject.toml..................................................[42mPassed[m
pyproject-fmt............................................................[42mPassed[m
pdm-lock-check...........................................................[42mPassed[m
uv-lock..................................................................[42mPassed[m
Detect secrets...........................................................[42mPassed[m
codespell................................................................[42mPassed[m
ruff check...............................................................[42mPassed[m
ruff format..............................................................[42mPassed[m
vulture..................................................................[42mPassed[m
creosote.................................................................[42mPassed[m
refurb...................................................................[41mFailed[m
[2m- hook id: refurb[m
[2m- exit code: 1[m

Traceback (most recent call last):
  File [35m"/Users/les/.cache/pre-commit/repo48mb3bu5/py_env-python3.13/bin/refurb"[0m, line [35m8[0m, in [35m<module>[0m
    sys.exit([31mmain[0m[1;31m()[0m)
             [31m~~~~[0m[1;31m^^[0m
  File [35m"/Users/les/.cache/pre-commit/repo48mb3bu5/py_env-python3.13/lib/python3.13/site-packages/refurb/__main__.py"[0m, line [35m7[0m, in [35mmain[0m
    sys.exit([31m_main[0m[1;31m(sys.argv[1:])[0m)
             [31m~~~~~[0m[1;31m^^^^^^^^^^^^^^[0m
  File [35m"/Users/les/.cache/pre-commit/repo48mb3bu5/py_env-python3.13/lib/python3.13/site-packages/refurb/main.py"[0m, line [35m394[0m, in [35mmain[0m
    errors = run_refurb(settings)
  File [35m"/Users/les/.cache/pre-commit/repo48mb3bu5/py_env-python3.13/lib/python3.13/site-packages/refurb/main.py"[0m, line [35m208[0m, in [35mrun_refurb[0m
    [31mvisitor.accept[0m[1;31m(tree)[0m
    [31m~~~~~~~~~~~~~~[0m[1;31m^^^^^^[0m
  File [35m"/Users/les/.cache/pre-commit/repo48mb3bu5/py_env-python3.13/lib/python3.13/site-packages/refurb/visitor/traverser.py"[0m, line [35m138[0m, in [35maccept[0m
    return accept(o, self)
  File [35m"/usr/local/Cellar/python@3.13/3.13.5/Frameworks/Python.framework/Versions/3.13/lib/python3.13/functools.py"[0m, line [35m934[0m, in [35mwrapper[0m
    return [31mdispatch(args[0].__class__)[0m[1;31m(*args, **kw)[0m
           [31m~~~~~~~~~~~~~~~~~~~~~~~~~~~[0m[1;31m^^^^^^^^^^^^^[0m
  File [35m"/Users/les/.cache/pre-commit/repo48mb3bu5/py_env-python3.13/lib/python3.13/site-packages/refurb/visitor/traverser.py"[0m, line [35m526[0m, in [35m_[0m
    return [31mvisitor.visit_mypy_file[0m[1;31m(node)[0m
           [31m~~~~~~~~~~~~~~~~~~~~~~~[0m[1;31m^^^^^^[0m
  File [35m"/Users/les/.cache/pre-commit/repo48mb3bu5/py_env-python3.13/lib/python3.13/site-packages/refurb/visitor/visitor.py"[0m, line [35m19[0m, in [35minner[0m
    [31mself.run_check[0m[1;31m(o, check)[0m
    [31m~~~~~~~~~~~~~~[0m[1;31m^^^^^^^^^^[0m
  File [35m"/Users/les/.cache/pre-commit/repo48mb3bu5/py_env-python3.13/lib/python3.13/site-packages/refurb/visitor/visitor.py"[0m, line [35m65[0m, in [35mrun_check[0m
    [31mcheck[0m[1;31m(node, self.errors)[0m  # type: ignore
    [31m~~~~~[0m[1;31m^^^^^^^^^^^^^^^^^^^[0m
  File [35m"/Users/les/.cache/pre-commit/repo48mb3bu5/py_env-python3.13/lib/python3.13/site-packages/refurb/checks/builtin/no_slice_copy.py"[0m, line [35m67[0m, in [35mcheck[0m
    [31mSliceExprVisitor(errors).accept[0m[1;31m(node)[0m
    [31m~~~~~~~~~~~~~~~~~~~~~~~~~~~~~~~[0m[1;31m^^^^^^[0m
  File [35m"/Users/les/.cache/pre-commit/repo48mb3bu5/py_env-python3.13/lib/python3.13/site-packages/refurb/visitor/traverser.py"[0m, line [35m138[0m, in [35maccept[0m
    return accept(o, self)
  File [35m"/usr/local/Cellar/python@3.13/3.13.5/Frameworks/Python.framework/Versions/3.13/lib/python3.13/functools.py"[0m, line [35m934[0m, in [35mwrapper[0m
    return [31mdispatch(args[0].__class__)[0m[1;31m(*args, **kw)[0m
           [31m~~~~~~~~~~~~~~~~~~~~~~~~~~~[0m[1;31m^^^^^^^^^^^^^[0m
  File [35m"/Users/les/.cache/pre-commit/repo48mb3bu5/py_env-python3.13/lib/python3.13/site-packages/refurb/visitor/traverser.py"[0m, line [35m526[0m, in [35m_[0m
    return [31mvisitor.visit_mypy_file[0m[1;31m(node)[0m
           [31m~~~~~~~~~~~~~~~~~~~~~~~[0m[1;31m^^^^^^[0m
  File [35m"/Users/les/.cache/pre-commit/repo48mb3bu5/py_env-python3.13/lib/python3.13/site-packages/refurb/visitor/traverser.py"[0m, line [35m152[0m, in [35mvisit_mypy_file[0m
    [31maccept[0m[1;31m(d, self)[0m
    [31m~~~~~~[0m[1;31m^^^^^^^^^[0m
  File [35m"/usr/local/Cellar/python@3.13/3.13.5/Frameworks/Python.framework/Versions/3.13/lib/python3.13/functools.py"[0m, line [35m934[0m, in [35mwrapper[0m
    return [31mdispatch(args[0].__class__)[0m[1;31m(*args, **kw)[0m
           [31m~~~~~~~~~~~~~~~~~~~~~~~~~~~[0m[1;31m^^^^^^^^^^^^^[0m
  File [35m"/Users/les/.cache/pre-commit/repo48mb3bu5/py_env-python3.13/lib/python3.13/site-packages/refurb/visitor/traverser.py"[0m, line [35m521[0m, in [35maccept[0m
    raise NotImplementedError(f"No `visit_*` overload available for `{type(node).__qualname__}`")
[1;35mNotImplementedError[0m: [35mNo `visit_*` overload available for `TypeAliasStmt`[0m

autotyping...............................................................[42mPassed[m
bandit...................................................................[42mPassed[m
pyright..................................................................[42mPassed[m


Pre-commit failed. Please fix errors.

