cd /Users/les/Projects/jinja2-async-environment && .venv/bin/pytest -v
direnv: loading ~/Projects/jinja2-async-environment/.envrc                      
direnv: export +PDM_ACTIVE ~PATH
(jinja2-async-environment) [jinja2-async-environment] cd /Users/les/Projects/jinja2-async-environment && .venv/bin/pytest -v
============================= test session starts ==============================
platform darwin -- Python 3.13.3, pytest-8.3.5, pluggy-1.5.0 -- /Users/les/Projects/jinja2-async-environment/.venv/bin/python
cachedir: .pytest_cache
rootdir: /Users/les/Projects/jinja2-async-environment
configfile: pyproject.toml
testpaths: tests, jinja2_async_environment
plugins: anyio-4.9.0, timeout-2.4.0, asyncio-0.26.0, mock-3.14.0, cov-6.1.1
asyncio: mode=Mode.AUTO, asyncio_default_fixture_loop_scope=function, asyncio_default_test_loop_scope=function
collected 96 items                                                             

tests/test_bccache.py::TestAsyncBytecodeCache::test_get_cache_key PASSED                                                                                      [  1%]
tests/test_bccache.py::TestAsyncBytecodeCache::test_get_source_checksum PASSED                                                                                [  2%]
tests/test_bccache.py::TestAsyncBytecodeCache::test_not_implemented_methods PASSED                                                                            [  3%]
tests/test_choice_loader.py::TestAsyncChoiceLoader::test_init PASSED                                                                                          [  4%]
tests/test_choice_loader.py::TestAsyncChoiceLoader::test_get_source_async_first_loader PASSED                                                                 [  5%]
tests/test_choice_loader.py::TestAsyncChoiceLoader::test_get_source_async_second_loader PASSED                                                                [  6%]
tests/test_choice_loader.py::TestAsyncChoiceLoader::test_get_source_async_shared_template PASSED                                                              [  7%]
tests/test_choice_loader.py::TestAsyncChoiceLoader::test_get_source_async_nonexistent_template PASSED                                                         [  8%]
tests/test_choice_loader.py::TestAsyncChoiceLoader::test_get_source_async_with_path_object PASSED                                                             [  9%]
tests/test_choice_loader.py::TestAsyncChoiceLoader::test_list_templates_async PASSED                                                                          [ 10%]
tests/test_choice_loader.py::TestAsyncChoiceLoader::test_load_async PASSED                                                                                    [ 11%]
tests/test_compiler.py::TestAsyncFrame::test_copy PASSED                                                                                                      [ 12%]
tests/test_compiler.py::TestAsyncCodeGenerator::test_visit_block_has_known_extends PASSED                                                                     [ 13%]
tests/test_compiler.py::TestAsyncCodeGenerator::test_visit_block_normal FAILED                                                                                [ 14%]
tests/test_compiler.py::TestAsyncCodeGenerator::test_visit_extends_exit_on_no_output_check PASSED                                                             [ 15%]
tests/test_compiler.py::TestAsyncCodeGenerator::test_visit_extends_fail_on_non_toplevel PASSED                                                                [ 16%]
tests/test_compiler.py::TestAsyncCodeGenerator::test_visit_extends_multiple_times PASSED                                                                      [ 17%]
tests/test_compiler.py::TestAsyncCodeGenerator::test_visit_extends_with_known_extends PASSED                                                                  [ 18%]
tests/test_compiler.py::TestAsyncCodeGenerator::test_visit_extends_normal PASSED                                                                              [ 19%]
tests/test_compiler.py::TestAsyncCodeGenerator::test_visit_extends_set_has_known_extends PASSED                                                               [ 20%]
tests/test_compiler.py::TestAsyncCodeGenerator::test_visit_include_ignore_missing PASSED                                                                      [ 21%]
tests/test_compiler.py::TestAsyncCodeGenerator::test_visit_include_with_context PASSED                                                                        [ 22%]
tests/test_compiler.py::TestAsyncCodeGenerator::test_visit_include_without_context PASSED                                                                     [ 23%]
tests/test_compiler.py::TestAsyncCodeGenerator::test_import_common PASSED                                                                                     [ 25%]
tests/test_dict_loader.py::TestAsyncDictLoader::test_init PASSED                                                                                              [ 26%]
tests/test_dict_loader.py::TestAsyncDictLoader::test_get_source_async_existing_template PASSED                                                                [ 27%]
tests/test_dict_loader.py::TestAsyncDictLoader::test_get_source_async_nonexistent_template PASSED                                                             [ 28%]
tests/test_dict_loader.py::TestAsyncDictLoader::test_get_source_async_with_path_object PASSED                                                                 [ 29%]
tests/test_dict_loader.py::TestAsyncDictLoader::test_list_templates_async PASSED                                                                              [ 30%]
tests/test_dict_loader.py::TestAsyncDictLoader::test_load_async PASSED                                                                                        [ 31%]
tests/test_dict_loader.py::TestAsyncDictLoader::test_uptodate_function PASSED                                                                                 [ 32%]
tests/test_environment.py::TestAsyncEnvironment::test_init PASSED                                                                                             [ 33%]
tests/test_environment.py::TestAsyncEnvironment::test_get_template_not_implemented PASSED                                                                     [ 34%]
tests/test_environment.py::TestAsyncEnvironment::test_select_template_not_implemented PASSED                                                                  [ 35%]
tests/test_environment.py::TestAsyncEnvironment::test_get_or_select_template_not_implemented PASSED                                                           [ 36%]
tests/test_environment.py::TestAsyncEnvironment::test_get_template_async_with_template_object PASSED                                                          [ 37%]
tests/test_environment.py::TestAsyncEnvironment::test_get_template_async_with_parent PASSED                                                                   [ 38%]
tests/test_environment.py::TestAsyncEnvironment::test_get_template_async_with_globals PASSED                                                                  [ 39%]
tests/test_environment.py::TestAsyncEnvironment::test_select_template_async_with_empty_list PASSED                                                            [ 40%]
tests/test_environment.py::TestAsyncEnvironment::test_select_template_async_with_undefined PASSED                                                             [ 41%]
tests/test_environment.py::TestAsyncEnvironment::test_select_template_async_with_template_object PASSED                                                       [ 42%]
tests/test_environment.py::TestAsyncEnvironment::test_select_template_async_with_parent PASSED                                                                [ 43%]
tests/test_environment.py::TestAsyncEnvironment::test_select_template_async_not_found PASSED                                                                  [ 44%]
tests/test_environment.py::TestAsyncEnvironment::test_get_or_select_template_async_with_string PASSED                                                         [ 45%]
tests/test_environment.py::TestAsyncEnvironment::test_get_or_select_template_async_with_template_object PASSED                                                [ 46%]
tests/test_environment.py::TestAsyncEnvironment::test_get_or_select_template_async_with_list PASSED                                                           [ 47%]
tests/test_environment.py::TestAsyncEnvironment::test_load_template_async_with_template_object PASSED                                                         [ 48%]
tests/test_environment.py::TestAsyncEnvironment::test_load_template_async_with_string PASSED                                                                  [ 50%]
tests/test_environment.py::TestAsyncEnvironment::test_load_template_async_with_iterable PASSED                                                                [ 51%]
tests/test_environment.py::TestAsyncEnvironment::test_load_template_async_with_iterable_all_not_found PASSED                                                  [ 52%]
tests/test_environment.py::TestAsyncEnvironment::test_get_template_no_loader PASSED                                                                           [ 53%]
tests/test_environment.py::TestAsyncEnvironment::test_get_template_with_cache_hit PASSED                                                                      [ 54%]
tests/test_environment.py::TestAsyncEnvironment::test_get_template_with_cache_hit_and_globals PASSED                                                          [ 55%]
tests/test_environment.py::TestAsyncEnvironment::test_get_template_with_cache_miss PASSED                                                                     [ 56%]
tests/test_function_loader.py::TestAsyncFunctionLoader::test_init PASSED                                                                                      [ 57%]
tests/test_function_loader.py::TestAsyncFunctionLoader::test_get_source_async_with_sync_function PASSED                                                       [ 58%]
tests/test_function_loader.py::TestAsyncFunctionLoader::test_get_source_async_with_async_function PASSED                                                      [ 59%]
tests/test_function_loader.py::TestAsyncFunctionLoader::test_get_source_async_with_string_function PASSED                                                     [ 60%]
tests/test_function_loader.py::TestAsyncFunctionLoader::test_get_source_async_nonexistent_template PASSED                                                     [ 61%]
tests/test_function_loader.py::TestAsyncFunctionLoader::test_get_source_async_with_path_object PASSED                                                         [ 62%]
tests/test_function_loader.py::TestAsyncFunctionLoader::test_load_async PASSED                                                                                [ 63%]
tests/test_function_loader.py::TestAsyncFunctionLoader::test_invalid_return_type PASSED                                                                       [ 64%]
tests/test_loaders.py::TestAsyncBaseLoader::test_init_with_single_path PASSED                                                                                 [ 65%]
tests/test_loaders.py::TestAsyncBaseLoader::test_init_with_multiple_paths PASSED                                                                              [ 66%]
tests/test_loaders.py::TestAsyncBaseLoader::test_not_implemented_methods PASSED                                                                               [ 67%]
tests/test_loaders.py::TestAsyncBaseLoader::test_load PASSED                                                                                                  [ 68%]
tests/test_loaders.py::TestAsyncBaseLoader::test_load_with_bytes PASSED                                                                                       [ 69%]
tests/test_package_loader.py::TestAsyncPackageLoader::test_init_package_not_found PASSED                                                                      [ 70%]
tests/test_package_loader.py::TestAsyncPackageLoader::test_init_loader_not_found PASSED                                                                       [ 71%]
tests/test_package_loader.py::TestAsyncPackageLoader::test_init_template_root_not_found FAILED                                                                [ 72%]
tests/test_package_loader.py::TestAsyncPackageLoader::test_init_success FAILED                                                                                [ 73%]
tests/test_package_loader.py::TestAsyncPackageLoader::test_get_source_async_not_found PASSED                                                                  [ 75%]
tests/test_package_loader.py::TestAsyncPackageLoader::test_get_source_async_success FAILED                                                                    [ 76%]
tests/test_package_loader.py::TestAsyncPackageLoader::test_get_source_async_with_archive PASSED                                                               [ 77%]
tests/test_package_loader.py::TestAsyncPackageLoader::test_list_templates_async_regular FAILED                                                                [ 78%]
tests/test_package_loader.py::TestAsyncPackageLoader::test_list_templates_async_zip PASSED                                                                    [ 79%]
tests/test_package_loader.py::TestAsyncPackageLoader::test_list_templates_async_zip_no_files FAILED                                                           [ 80%]
tests/test_redis_bccache.py::TestAsyncRedisBytecodeCache::test_init_with_client PASSED                                                                        [ 81%]
tests/test_redis_bccache.py::TestAsyncRedisBytecodeCache::test_init_with_configs PASSED                                                                       [ 82%]
tests/test_redis_bccache.py::TestAsyncRedisBytecodeCache::test_get_cache_key PASSED                                                                           [ 83%]
tests/test_redis_bccache.py::TestAsyncRedisBytecodeCache::test_get_source_checksum PASSED                                                                     [ 84%]
tests/test_redis_bccache.py::TestAsyncRedisBytecodeCache::test_get_bucket_name PASSED                                                                         [ 85%]
tests/test_redis_bccache.py::TestAsyncRedisBytecodeCache::test_load_bytecode_hit PASSED                                                                       [ 86%]
tests/test_redis_bccache.py::TestAsyncRedisBytecodeCache::test_load_bytecode_miss PASSED                                                                      [ 87%]
tests/test_redis_bccache.py::TestAsyncRedisBytecodeCache::test_dump_bytecode PASSED                                                                           [ 88%]
tests/test_redis_bccache.py::TestAsyncRedisBytecodeCache::test_get_bucket PASSED                                                                              [ 89%]
tests/test_redis_bccache.py::TestAsyncRedisBytecodeCache::test_set_bucket PASSED                                                                              [ 90%]
tests/test_redis_bccache.py::TestAsyncRedisBytecodeCache::test_get_bucket_async PASSED                                                                        [ 91%]
tests/test_redis_bccache.py::TestAsyncRedisBytecodeCache::test_set_bucket_async PASSED                                                                        [ 92%]
tests/test_template_rendering.py::TestTemplateRendering::test_render_simple_template FAILED                                                                   [ 93%]
tests/test_template_rendering.py::TestTemplateRendering::test_render_template_with_inheritance FAILED                                                         [ 94%]
tests/test_template_rendering.py::TestTemplateRendering::test_render_template_with_include PASSED                                                             [ 95%]
tests/test_template_rendering.py::TestTemplateRendering::test_render_async_block FAILED                                                                       [ 96%]
tests/test_template_rendering.py::TestTemplateRendering::test_render_async_include FAILED                                                                     [ 97%]
tests/test_template_rendering.py::TestTemplateRendering::test_render_async_extends FAILED                                                                     [ 98%]
tests/test_template_rendering.py::TestTemplateRendering::test_performance_with_large_template FAILED                                                          [100%]

============================================================================= FAILURES ==============================================================================
__________________________________________________________ TestAsyncCodeGenerator.test_visit_block_normal ___________________________________________________________

self = <MagicMock id='4393254992'>

    def assert_called_once(self):
        """assert that the mock was called only once.
        """
        if not self.call_count == 1:
            msg = ("Expected '%s' to have been called once. Called %s times.%s"
                   % (self._mock_name or 'mock',
                      self.call_count,
                      self._calls_repr()))
>           raise AssertionError(msg)
E           AssertionError: Expected 'mock' to have been called once. Called 0 times.

/usr/local/Cellar/python@3.13/3.13.3/Frameworks/Python.framework/Versions/3.13/lib/python3.13/unittest/mock.py:958: AssertionError

During handling of the above exception, another exception occurred:

self = <tests.test_compiler.TestAsyncCodeGenerator object at 0x105cbc2d0>
code_generator = <jinja2_async_environment.compiler.AsyncCodeGenerator object at 0x105cc6780>
async_frame = <jinja2_async_environment.compiler.AsyncFrame object at 0x105de4050>

    def test_visit_block_normal(
        self, code_generator: AsyncCodeGenerator, async_frame: AsyncFrame
    ) -> None:
        code_generator.has_known_extends = False
        code_generator.extends_so_far = 0
        code_generator.environment.enable_async = True
        code_generator.derive_context = MagicMock()
        code_generator.writeline = MagicMock()
        code_generator.indent = MagicMock()
        code_generator.outdent = MagicMock()
        code_generator.get_context_ref = MagicMock(return_value="context")
        code_generator.choose_async = MagicMock(return_value="async ")
        block_node = nodes.Block("test_block", [], False, False)
        code_generator.visit_Block(block_node, async_frame)
>       code_generator.choose_async.assert_called_once()
E       AssertionError: Expected 'mock' to have been called once. Called 0 times.

tests/test_compiler.py:93: AssertionError
_____________________________________________________ TestAsyncPackageLoader.test_init_template_root_not_found ______________________________________________________

self = <tests.test_package_loader.TestAsyncPackageLoader object at 0x105cc4fc0>, mock_import_module = <MagicMock id='4393267760'>

    def test_init_template_root_not_found(self, mock_import_module: MagicMock) -> None:
        mock_spec = MagicMock()
        mock_spec.loader = MagicMock()
        mock_spec.submodule_search_locations = []
        mock_spec.origin = None
        with (
            patch("importlib.util.find_spec", return_value=mock_spec),
            patch("jinja2_async_environment.loaders.import_module", mock_import_module),
        ):
>           with pytest.raises(
                ValueError,
                match="was not installed in a way that PackageLoader understands",
            ):
E           Failed: DID NOT RAISE <class 'ValueError'>

tests/test_package_loader.py:108: Failed
_____________________________________________________________ TestAsyncPackageLoader.test_init_success ______________________________________________________________

self = <tests.test_package_loader.TestAsyncPackageLoader object at 0x105cc50f0>
package_loader = <jinja2_async_environment.loaders.AsyncPackageLoader object at 0x105cc7ce0>

    def test_init_success(self, package_loader: AsyncPackageLoader) -> None:
        assert package_loader.package_name == "test_package"
        assert package_loader.package_path == AsyncPath("templates")
        assert package_loader.encoding == "utf-8"
>       assert package_loader._archive is None
E       AssertionError: assert <MagicMock name='mock().loader.archive' id='4393256672'> is None
E        +  where <MagicMock name='mock().loader.archive' id='4393256672'> = <jinja2_async_environment.loaders.AsyncPackageLoader object at 0x105cc7ce0>._archive

tests/test_package_loader.py:122: AssertionError
_______________________________________________________ TestAsyncPackageLoader.test_get_source_async_success ________________________________________________________

self = <tests.test_package_loader.TestAsyncPackageLoader object at 0x105cf29c0>
package_loader = <jinja2_async_environment.loaders.AsyncPackageLoader object at 0x105de4950>

    @pytest.mark.asyncio
    async def test_get_source_async_success(
        self, package_loader: AsyncPackageLoader
    ) -> None:
        with patch.object(
            package_loader._loader,
            "get_data",
            return_value=b"<h1>Template content</h1>",
        ):
>           source, filename, uptodate = await package_loader.get_source_async(
                "template.html"
            )

tests/test_package_loader.py:144: 
_ _ _ _ _ _ _ _ _ _ _ _ _ _ _ _ _ _ _ _ _ _ _ _ _ _ _ _ _ _ _ _ _ _ _ _ _ _ _ _ _ _ _ _ _ _ _ _ _ _ _ _ _ _ _ _ _ _ _ _ _ _ _ _ _ _ _ _ _ _ _ _ _ _ _ _ _ _ _ _ _ _ _

self = <jinja2_async_environment.loaders.AsyncPackageLoader object at 0x105de4950>, template = 'template.html'

    async def get_source_async(self, template: str | AsyncPath) -> SourceType:
        template_path: AsyncPath = (
            AsyncPath(template) if isinstance(template, str) else template
        )
        path = self._template_root / template_path
        if self._archive:
            if not await path.is_file():
>               raise TemplateNotFound(path.name)
E               jinja2.exceptions.TemplateNotFound: template.html

jinja2_async_environment/loaders.py:215: TemplateNotFound
_____________________________________________________ TestAsyncPackageLoader.test_list_templates_async_regular ______________________________________________________

self = <tests.test_package_loader.TestAsyncPackageLoader object at 0x105d40450>
package_loader = <jinja2_async_environment.loaders.AsyncPackageLoader object at 0x105f507c0>

    @pytest.mark.asyncio
    async def test_list_templates_async_regular(
        self, package_loader: AsyncPackageLoader
    ) -> None:
        with patch("anyio.Path.rglob") as mock_rglob:
            mock_rglob.return_value.__aiter__.return_value = [
                AsyncPath("/path/to/package/templates/template1.html"),
                AsyncPath("/path/to/package/templates/template2.html"),
                AsyncPath("/path/to/package/templates/subdir/template3.html"),
            ]
            templates = await package_loader.list_templates_async()
>           assert len(templates) == 3
E           assert 0 == 3
E            +  where 0 = len([])

tests/test_package_loader.py:213: AssertionError
___________________________________________________ TestAsyncPackageLoader.test_list_templates_async_zip_no_files ___________________________________________________

self = <tests.test_package_loader.TestAsyncPackageLoader object at 0x105d48320>, mock_find_spec = <MagicMock id='4393257344'>
mock_import_module = <MagicMock id='4394643008'>

    @pytest.mark.asyncio
    async def test_list_templates_async_zip_no_files(
        self, mock_find_spec: MagicMock, mock_import_module: MagicMock
    ) -> None:
        mock_zipimporter = MagicMock()
        mock_zipimporter.archive = "/path/to/archive.zip"
    
        mock_spec = MagicMock()
        mock_spec.loader = mock_zipimporter
        mock_spec.submodule_search_locations = ["/path/to/package"]
    
        mock_path = AsyncPath("/path/to/package/templates")
    
        with (
            patch("importlib.util.find_spec", return_value=mock_spec),
            patch("jinja2_async_environment.loaders.import_module", mock_import_module),
            patch("anyio.Path.is_file", return_value=True),
            patch.object(AsyncPath, "is_dir", return_value=True),
            patch("anyio.Path.__truediv__", return_value=mock_path),
        ):
            loader = AsyncPackageLoader(
                "test_package",
                AsyncPath("/templates"),
                package_path=AsyncPath("templates"),
            )
    
>           with pytest.raises(TypeError, match="does not have the required metadata"):
E           Failed: DID NOT RAISE <class 'TypeError'>

tests/test_package_loader.py:281: Failed
_________________________________________________________ TestTemplateRendering.test_render_simple_template _________________________________________________________

self = <tests.test_template_rendering.TestTemplateRendering object at 0x105cbd950>
environment = <jinja2_async_environment.environment.AsyncEnvironment object at 0x105e50190>

    @pytest.mark.asyncio
    async def test_render_simple_template(self, environment: AsyncEnvironment) -> None:
        template = await environment.get_template_async("simple.html")
        context = template.new_context({"name": "World"})
        rendered = await render_template(template.root_render_func, context)
>       assert rendered == "<h1>Hello, World!</h1>"
E       AssertionError: assert '<h1>Hello, simple.html!</h1>' == '<h1>Hello, World!</h1>'
E         
E         - <h1>Hello, World!</h1>
E         + <h1>Hello, simple.html!</h1>

tests/test_template_rendering.py:68: AssertionError
____________________________________________________ TestTemplateRendering.test_render_template_with_inheritance ____________________________________________________

self = <tests.test_template_rendering.TestTemplateRendering object at 0x105cbd810>
environment = <jinja2_async_environment.environment.AsyncEnvironment object at 0x105e51e50>

    @pytest.mark.asyncio
    async def test_render_template_with_inheritance(
        self, environment: AsyncEnvironment
    ) -> None:
        template = await environment.get_template_async("child.html")
        context = template.new_context({"message": "This is a test"})
        rendered = await render_template(template.root_render_func, context)
>       assert (
            rendered == "<!DOCTYPE html><html><body><p>This is a test</p></body></html>"
        )
E       AssertionError: assert 'None' == '<!DOCTYPE ht.../body></html>'
E         
E         - <!DOCTYPE html><html><body><p>This is a test</p></body></html>
E         + None

tests/test_template_rendering.py:77: AssertionError
___________________________________________________________ TestTemplateRendering.test_render_async_block ___________________________________________________________

self = <tests.test_template_rendering.TestTemplateRendering object at 0x105cc56e0>
environment = <jinja2_async_environment.environment.AsyncEnvironment object at 0x105e52990>

    @pytest.mark.asyncio
    async def test_render_async_block(self, environment: AsyncEnvironment) -> None:
        template = await environment.get_template_async("async_block.html")
    
        async def async_generator() -> AsyncIterator[str]:
            for item in ("Item1", "Item2", "Item3"):
                yield item
    
        context = template.new_context({"items": async_generator()})
        rendered = await render_template(template.root_render_func, context)
>       assert rendered == "Item1Item2Item3"
E       AssertionError: assert '' == 'Item1Item2Item3'
E         
E         - Item1Item2Item3

tests/test_template_rendering.py:100: AssertionError
__________________________________________________________ TestTemplateRendering.test_render_async_include __________________________________________________________

self = <tests.test_template_rendering.TestTemplateRendering object at 0x105d1d7f0>
environment = <jinja2_async_environment.environment.AsyncEnvironment object at 0x105e52ad0>

    @pytest.mark.asyncio
    async def test_render_async_include(self, environment: AsyncEnvironment) -> None:
        template = await environment.get_template_async("async_include.html")
    
        async def async_generator() -> AsyncIterator[str]:
            for item in ("Item1", "Item2", "Item3"):
                yield item
    
        context = template.new_context({"async_items": async_generator()})
        rendered = await render_template(template.root_render_func, context)
>       assert rendered == "Before Item1Item2Item3 After"
E       AssertionError: assert 'Before NoneNoneNone After' == 'Before Item1Item2Item3 After'
E         
E         - Before Item1Item2Item3 After
E         + Before NoneNoneNone After

tests/test_template_rendering.py:112: AssertionError
__________________________________________________________ TestTemplateRendering.test_render_async_extends __________________________________________________________

self = <tests.test_template_rendering.TestTemplateRendering object at 0x105cf3130>
environment = <jinja2_async_environment.environment.AsyncEnvironment object at 0x105e52d50>

    @pytest.mark.asyncio
    async def test_render_async_extends(self, environment: AsyncEnvironment) -> None:
        template = await environment.get_template_async("async_extends.html")
    
        async def async_generator() -> AsyncIterator[str]:
            for item in ("Item1", "Item2", "Item3"):
                yield item
    
        context = template.new_context({"async_items": async_generator()})
        rendered = await render_template(template.root_render_func, context)
>       assert rendered == "<!DOCTYPE html><html><body>Item1Item2Item3</body></html>"
E       AssertionError: assert 'None' == '<!DOCTYPE ht.../body></html>'
E         
E         - <!DOCTYPE html><html><body>Item1Item2Item3</body></html>
E         + None

tests/test_template_rendering.py:124: AssertionError
____________________________________________________ TestTemplateRendering.test_performance_with_large_template _____________________________________________________

self = <tests.test_template_rendering.TestTemplateRendering object at 0x105cf3240>
environment = <jinja2_async_environment.environment.AsyncEnvironment object at 0x105e53110>

    @pytest.mark.asyncio
    async def test_performance_with_large_template(
        self, environment: AsyncEnvironment
    ) -> None:
        large_template = "{% for i in range(1000) %}{{ i }}{% endfor %}"
    
        environment.loader.mapping["large.html"] = large_template  # type: ignore
    
        template = await environment.get_template_async("large.html")
        context = template.new_context({})
    
        import time
    
        start_time = time.time()
        rendered = await render_template(template.root_render_func, context)
        end_time = time.time()
    
        assert len(rendered) > 1000
>       assert "999" in rendered
E       AssertionError: assert '999' in 'NoneNoneNoneNoneNoneNoneNoneNoneNoneNoneNoneNoneNoneNoneNoneNoneNoneNoneNoneNoneNoneNoneNoneNoneNoneNoneNoneNoneNoneNoneNoneNoneNoneNoneNoneNoneNoneNoneNoneNoneNoneNoneNoneNoneNoneNoneNoneNoneNoneNoneNoneNoneNoneNoneNoneNoneNoneNoneNoneNoneNoneNoneNoneNoneNoneNoneNoneNoneNoneNoneNoneNoneNoneNoneNoneNoneNoneNoneNoneNoneNoneNoneNoneNoneNoneNoneNoneNoneNoneNoneNoneNoneNoneNoneNoneNoneNoneNoneNoneNoneNoneNoneNoneNoneNoneNoneNoneNoneNoneNoneNoneNoneNoneNoneNoneNoneNoneNoneNoneNoneNoneNoneNoneNoneNoneNoneNoneNoneNoneNoneNoneNoneNoneNoneNoneNoneNoneNoneNoneNoneNoneNoneNoneNoneNoneNoneNoneNoneNoneNoneNoneNoneNoneNoneNoneNoneNoneNoneNoneNoneNoneNoneNoneNoneNoneNoneNoneNoneNoneNoneNoneNoneNoneNoneNoneNoneNoneNoneNoneNoneNoneNoneNoneNoneNoneNoneNoneNoneNoneNoneNoneNoneNoneNoneNoneNoneNoneNoneNoneNoneNoneNoneNoneNoneNoneNoneNoneNoneNoneNoneNoneNoneNoneNoneNoneNoneNoneNoneNoneNoneNoneNoneNoneNoneNoneNoneNoneNoneNoneNoneNoneNoneNoneNoneNoneNoneNoneNoneNoneNoneNoneNoneNoneNoneNoneNoneNoneNoneNoneNoneNoneNoneNoneNoneNoneNoneNoneNoneNoneNoneNoneNoneNoneNoneNoneNoneNoneNoneNoneNoneNoneNoneNoneNoneNoneNoneNoneNoneNoneNoneNoneNoneNoneNoneNoneNoneNoneNoneNoneNoneNoneNoneNoneNoneNoneNoneNoneNoneNoneN...neNoneNoneNoneNoneNoneNoneNoneNoneNoneNoneNoneNoneNoneNoneNoneNoneNoneNoneNoneNoneNoneNoneNoneNoneNoneNoneNoneNoneNoneNoneNoneNoneNoneNoneNoneNoneNoneNoneNoneNoneNoneNoneNoneNoneNoneNoneNoneNoneNoneNoneNoneNoneNoneNoneNoneNoneNoneNoneNoneNoneNoneNoneNoneNoneNoneNoneNoneNoneNoneNoneNoneNoneNoneNoneNoneNoneNoneNoneNoneNoneNoneNoneNoneNoneNoneNoneNoneNoneNoneNoneNoneNoneNoneNoneNoneNoneNoneNoneNoneNoneNoneNoneNoneNoneNoneNoneNoneNoneNoneNoneNoneNoneNoneNoneNoneNoneNoneNoneNoneNoneNoneNoneNoneNoneNoneNoneNoneNoneNoneNoneNoneNoneNoneNoneNoneNoneNoneNoneNoneNoneNoneNoneNoneNoneNoneNoneNoneNoneNoneNoneNoneNoneNoneNoneNoneNoneNoneNoneNoneNoneNoneNoneNoneNoneNoneNoneNoneNoneNoneNoneNoneNoneNoneNoneNoneNoneNoneNoneNoneNoneNoneNoneNoneNoneNoneNoneNoneNoneNoneNoneNoneNoneNoneNoneNoneNoneNoneNoneNoneNoneNoneNoneNoneNoneNoneNoneNoneNoneNoneNoneNoneNoneNoneNoneNoneNoneNoneNoneNoneNoneNoneNoneNoneNoneNoneNoneNoneNoneNoneNoneNoneNoneNoneNoneNoneNoneNoneNoneNoneNoneNoneNoneNoneNoneNoneNoneNoneNoneNoneNoneNoneNoneNoneNoneNoneNoneNoneNoneNoneNoneNoneNoneNoneNoneNoneNoneNoneNoneNoneNoneNoneNoneNoneNoneNoneNoneNoneNoneNoneNoneNoneNoneNoneNoneNoneNoneNoneNoneNoneNoneNoneNoneNoneNoneNoneNoneNoneNoneNone'

tests/test_template_rendering.py:144: AssertionError
========================================================================== tests coverage ===========================================================================
_________________________________________________________ coverage: platform darwin, python 3.13.3-final-0 __________________________________________________________

Name                                      Stmts   Miss  Cover
-------------------------------------------------------------
jinja2_async_environment/bccache.py          45      0   100%
jinja2_async_environment/compiler.py        237     32    86%
jinja2_async_environment/environment.py     113     19    83%
jinja2_async_environment/loaders.py         218     61    72%
-------------------------------------------------------------
TOTAL                                       613    112    82%
====================================================================== short test summary info ======================================================================
FAILED tests/test_compiler.py::TestAsyncCodeGenerator::test_visit_block_normal - AssertionError: Expected 'mock' to have been called once. Called 0 times.
FAILED tests/test_package_loader.py::TestAsyncPackageLoader::test_init_template_root_not_found - Failed: DID NOT RAISE <class 'ValueError'>
FAILED tests/test_package_loader.py::TestAsyncPackageLoader::test_init_success - AssertionError: assert <MagicMock name='mock().loader.archive' id='4393256672'> is None
FAILED tests/test_package_loader.py::TestAsyncPackageLoader::test_get_source_async_success - jinja2.exceptions.TemplateNotFound: template.html
FAILED tests/test_package_loader.py::TestAsyncPackageLoader::test_list_templates_async_regular - assert 0 == 3
FAILED tests/test_package_loader.py::TestAsyncPackageLoader::test_list_templates_async_zip_no_files - Failed: DID NOT RAISE <class 'TypeError'>
FAILED tests/test_template_rendering.py::TestTemplateRendering::test_render_simple_template - AssertionError: assert '<h1>Hello, simple.html!</h1>' == '<h1>Hello, World!</h1>'
FAILED tests/test_template_rendering.py::TestTemplateRendering::test_render_template_with_inheritance - AssertionError: assert 'None' == '<!DOCTYPE ht.../body></html>'
FAILED tests/test_template_rendering.py::TestTemplateRendering::test_render_async_block - AssertionError: assert '' == 'Item1Item2Item3'
FAILED tests/test_template_rendering.py::TestTemplateRendering::test_render_async_include - AssertionError: assert 'Before NoneNoneNone After' == 'Before Item1Item2Item3 After'
FAILED tests/test_template_rendering.py::TestTemplateRendering::test_render_async_extends - AssertionError: assert 'None' == '<!DOCTYPE ht.../body></html>'
FAILED tests/test_template_rendering.py::TestTemplateRendering::test_performance_with_large_template - AssertionError: assert '999' in 'NoneNoneNoneNoneNoneNoneNoneNoneNoneNoneNoneNoneNoneNoneNoneNoneNoneNoneNoneNoneNoneNoneNoneNoneNoneNoneNoneNoneNoneNoneNoneNon...
=================================================================== 12 failed, 84 passed in 4.79s ===================================================================
(jinja2-async-environment) [jinja2-async-environment]                                                                                                      main  ✭ ✱
