import time: self [us] | cumulative | imported package
import time:       476 |        476 |   _io
import time:       124 |        124 |   marshal
import time:       996 |        996 |   posix
import time:      1708 |       3303 | _frozen_importlib_external
import time:       259 |        259 |   time
import time:       560 |        818 | zipimport
import time:       179 |        179 |     _codecs
import time:      1743 |       1921 |   codecs
import time:      1291 |       1291 |   encodings.aliases
import time:      2196 |       5407 | encodings
import time:       690 |        690 | encodings.utf_8
import time:       274 |        274 | _signal
import time:       139 |        139 |     _abc
import time:       867 |       1006 |   abc
import time:       905 |       1910 | io
import time:       196 |        196 |       _stat
import time:       971 |       1167 |     stat
import time:      3179 |       3179 |     _collections_abc
import time:       565 |        565 |       genericpath
import time:       782 |       1347 |     posixpath
import time:      2040 |       7731 |   os
import time:       691 |        691 |   _sitebuiltins
import time:       866 |        866 |         warnings
import time:       655 |       1521 |       importlib
import time:       943 |       2463 |     importlib.machinery
import time:       474 |        474 |       importlib._abc
import time:       306 |        306 |           itertools
import time:       497 |        497 |           keyword
import time:       229 |        229 |             _operator
import time:       912 |       1140 |           operator
import time:       642 |        642 |           reprlib
import time:      1658 |       1658 |           _collections
import time:      2476 |       6716 |         collections
import time:       640 |        640 |               math
import time:       926 |        926 |               _datetime
import time:      2555 |       4120 |             datetime
import time:       515 |       4634 |           types
import time:       989 |       5622 |         functools
import time:       811 |      13148 |       contextlib
import time:       582 |      14203 |     importlib.util
import time:      3234 |      19899 |   __editable___nostalgia_0_1_42_finder
Error processing line 1 of /home/pascal/.pyenv/versions/mambaforge-4.10.3-10/envs/mgnr2/lib/python3.10/site-packages/__editable__.nostalgia-0.1.42.pth:

import time:       887 |        887 |       functools
import time:       532 |       1419 |     linecache
import time:       806 |       2224 |   traceback
import time:      5099 |      35642 | site
Fatal Python error: init_import_site: Failed to import the site module
Python runtime state: initialized
Traceback (most recent call last):
  File "/home/pascal/.pyenv/versions/mambaforge-4.10.3-10/envs/mgnr2/lib/python3.10/site.py", line 186, in addpackage
    exec(line)
  File "<string>", line 1, in <module>
  File "/home/pascal/.pyenv/versions/mambaforge-4.10.3-10/envs/mgnr2/lib/python3.10/site-packages/__editable___nostalgia_0_1_42_finder.py", line 4, in <module>
    from importlib.util import spec_from_file_location
  File "/home/pascal/.pyenv/versions/mambaforge-4.10.3-10/envs/mgnr2/lib/python3.10/importlib/util.py", line 14, in <module>
    from contextlib import contextmanager
  File "/home/pascal/.pyenv/versions/mambaforge-4.10.3-10/envs/mgnr2/lib/python3.10/contextlib.py", line 6, in <module>
    from functools import wraps
  File "/home/pascal/.pyenv/versions/mambaforge-4.10.3-10/envs/mgnr2/lib/python3.10/functools.py", line 22, in <module>
    from types import GenericAlias
ImportError: cannot import name 'GenericAlias' from 'types' (/home/pascal/egoroot/cliche/cliche/types.py)

During handling of the above exception, another exception occurred:

Traceback (most recent call last):
  File "/home/pascal/.pyenv/versions/mambaforge-4.10.3-10/envs/mgnr2/lib/python3.10/site.py", line 617, in <module>
    main()
  File "/home/pascal/.pyenv/versions/mambaforge-4.10.3-10/envs/mgnr2/lib/python3.10/site.py", line 604, in main
    known_paths = addsitepackages(known_paths)
  File "/home/pascal/.pyenv/versions/mambaforge-4.10.3-10/envs/mgnr2/lib/python3.10/site.py", line 387, in addsitepackages
    addsitedir(sitedir, known_paths)
  File "/home/pascal/.pyenv/versions/mambaforge-4.10.3-10/envs/mgnr2/lib/python3.10/site.py", line 226, in addsitedir
    addpackage(sitedir, name, known_paths)
  File "/home/pascal/.pyenv/versions/mambaforge-4.10.3-10/envs/mgnr2/lib/python3.10/site.py", line 196, in addpackage
    import traceback
  File "/home/pascal/.pyenv/versions/mambaforge-4.10.3-10/envs/mgnr2/lib/python3.10/traceback.py", line 5, in <module>
    import linecache
  File "/home/pascal/.pyenv/versions/mambaforge-4.10.3-10/envs/mgnr2/lib/python3.10/linecache.py", line 8, in <module>
    import functools
  File "/home/pascal/.pyenv/versions/mambaforge-4.10.3-10/envs/mgnr2/lib/python3.10/functools.py", line 22, in <module>
    from types import GenericAlias
ImportError: cannot import name 'GenericAlias' from 'types' (/home/pascal/egoroot/cliche/cliche/types.py)
